<?xml version="1.0" encoding="UTF-8" standalone="no"?>
<!DOCTYPE log SYSTEM "logger.dtd">
<log>
<record>
  <date>2022-06-04T09:23:13.393271Z</date>
  <millis>1654334593393</millis>
  <nanos>271000</nanos>
  <sequence>0</sequence>
  <logger>global</logger>
  <level>INFO</level>
  <class>logging.MyLogger</class>
  <method>setupFromFile</method>
  <thread>1</thread>
  <message>Logger is configured</message>
</record>
<record>
  <date>2022-06-04T09:23:13.780470Z</date>
  <millis>1654334593780</millis>
  <nanos>470000</nanos>
  <sequence>1</sequence>
  <logger>global</logger>
  <level>INFO</level>
  <class>db.jdbc.JDBCManager</class>
  <method>createTables</method>
  <thread>1</thread>
  <message>Se han creado las tablas correctamente en la base de datos</message>
</record>
<record>
  <date>2022-06-04T09:23:13.782576Z</date>
  <millis>1654334593782</millis>
  <nanos>576000</nanos>
  <sequence>2</sequence>
  <logger>global</logger>
  <level>INFO</level>
  <class>db.jdbc.JDBCManager</class>
  <method>connect</method>
  <thread>1</thread>
  <message>Se ha configurado la base de datos con éxito</message>
</record>
<record>
  <date>2022-06-04T09:23:13.811064Z</date>
  <millis>1654334593811</millis>
  <nanos>64000</nanos>
  <sequence>3</sequence>
  <logger>global</logger>
  <level>FINER</level>
  <class>ArchiveFactoryImpl</class>
  <method>createArchive</method>
  <thread>1</thread>
  <message>ENTRY file:/Users/robertosotelino/git/Proyecto-TIS/RIPFashion/bin/ META-INF/persistence.xml</message>
</record>
<record>
  <date>2022-06-04T09:23:13.811951Z</date>
  <millis>1654334593811</millis>
  <nanos>951000</nanos>
  <sequence>4</sequence>
  <logger>global</logger>
  <level>FINER</level>
  <class>ArchiveFactoryImpl</class>
  <method>createArchive</method>
  <thread>1</thread>
  <message>protocol = file</message>
</record>
<record>
  <date>2022-06-04T09:23:13.819255Z</date>
  <millis>1654334593819</millis>
  <nanos>255000</nanos>
  <sequence>5</sequence>
  <logger>global</logger>
  <level>FINER</level>
  <class>DirectoryArchive</class>
  <method>DirectoryArchive</method>
  <thread>1</thread>
  <message>ENTRY /Users/robertosotelino/git/Proyecto-TIS/RIPFashion/bin</message>
</record>
<record>
  <date>2022-06-04T09:23:13.819637Z</date>
  <millis>1654334593819</millis>
  <nanos>637000</nanos>
  <sequence>6</sequence>
  <logger>global</logger>
  <level>FINER</level>
  <class>DirectoryArchive</class>
  <method>DirectoryArchive</method>
  <thread>1</thread>
  <message>rootURL = file:/Users/robertosotelino/git/Proyecto-TIS/RIPFashion/bin/</message>
</record>
<record>
  <date>2022-06-04T09:23:13.821268Z</date>
  <millis>1654334593821</millis>
  <nanos>268000</nanos>
  <sequence>7</sequence>
  <logger>global</logger>
  <level>FINER</level>
  <class>ArchiveFactoryImpl</class>
  <method>createArchive</method>
  <thread>1</thread>
  <message>RETURN DirectoryArchive(file:/Users/robertosotelino/git/Proyecto-TIS/RIPFashion/bin/)</message>
</record>
<record>
  <date>2022-06-04T09:23:13.998121Z</date>
  <millis>1654334593998</millis>
  <nanos>121000</nanos>
  <sequence>8</sequence>
  <logger>global</logger>
  <level>FINER</level>
  <class>ArchiveFactoryImpl</class>
  <method>createArchive</method>
  <thread>1</thread>
  <message>ENTRY file:/Users/robertosotelino/git/Proyecto-TIS/RIPFashion/bin/ null</message>
</record>
<record>
  <date>2022-06-04T09:23:13.998282Z</date>
  <millis>1654334593998</millis>
  <nanos>282000</nanos>
  <sequence>9</sequence>
  <logger>global</logger>
  <level>FINER</level>
  <class>ArchiveFactoryImpl</class>
  <method>createArchive</method>
  <thread>1</thread>
  <message>protocol = file</message>
</record>
<record>
  <date>2022-06-04T09:23:13.998436Z</date>
  <millis>1654334593998</millis>
  <nanos>436000</nanos>
  <sequence>10</sequence>
  <logger>global</logger>
  <level>FINER</level>
  <class>DirectoryArchive</class>
  <method>DirectoryArchive</method>
  <thread>1</thread>
  <message>ENTRY /Users/robertosotelino/git/Proyecto-TIS/RIPFashion/bin</message>
</record>
<record>
  <date>2022-06-04T09:23:13.998567Z</date>
  <millis>1654334593998</millis>
  <nanos>567000</nanos>
  <sequence>11</sequence>
  <logger>global</logger>
  <level>FINER</level>
  <class>DirectoryArchive</class>
  <method>DirectoryArchive</method>
  <thread>1</thread>
  <message>rootURL = file:/Users/robertosotelino/git/Proyecto-TIS/RIPFashion/bin/</message>
</record>
<record>
  <date>2022-06-04T09:23:13.999679Z</date>
  <millis>1654334593999</millis>
  <nanos>679000</nanos>
  <sequence>12</sequence>
  <logger>global</logger>
  <level>FINER</level>
  <class>ArchiveFactoryImpl</class>
  <method>createArchive</method>
  <thread>1</thread>
  <message>RETURN DirectoryArchive(file:/Users/robertosotelino/git/Proyecto-TIS/RIPFashion/bin/)</message>
</record>
<record>
  <date>2022-06-04T09:23:13.999829Z</date>
  <millis>1654334593999</millis>
  <nanos>829000</nanos>
  <sequence>13</sequence>
  <logger>global</logger>
  <level>FINER</level>
  <class>ArchiveFactoryImpl</class>
  <method>createArchive</method>
  <thread>1</thread>
  <message>ENTRY file:/Users/robertosotelino/git/Proyecto-TIS/RIPFashion/bin/ null</message>
</record>
<record>
  <date>2022-06-04T09:23:13.999922Z</date>
  <millis>1654334593999</millis>
  <nanos>922000</nanos>
  <sequence>14</sequence>
  <logger>global</logger>
  <level>FINER</level>
  <class>ArchiveFactoryImpl</class>
  <method>createArchive</method>
  <thread>1</thread>
  <message>protocol = file</message>
</record>
<record>
  <date>2022-06-04T09:23:14.000100Z</date>
  <millis>1654334594000</millis>
  <nanos>100000</nanos>
  <sequence>15</sequence>
  <logger>global</logger>
  <level>FINER</level>
  <class>DirectoryArchive</class>
  <method>DirectoryArchive</method>
  <thread>1</thread>
  <message>ENTRY /Users/robertosotelino/git/Proyecto-TIS/RIPFashion/bin</message>
</record>
<record>
  <date>2022-06-04T09:23:14.000214Z</date>
  <millis>1654334594000</millis>
  <nanos>214000</nanos>
  <sequence>16</sequence>
  <logger>global</logger>
  <level>FINER</level>
  <class>DirectoryArchive</class>
  <method>DirectoryArchive</method>
  <thread>1</thread>
  <message>rootURL = file:/Users/robertosotelino/git/Proyecto-TIS/RIPFashion/bin/</message>
</record>
<record>
  <date>2022-06-04T09:23:14.001520Z</date>
  <millis>1654334594001</millis>
  <nanos>520000</nanos>
  <sequence>17</sequence>
  <logger>global</logger>
  <level>FINER</level>
  <class>ArchiveFactoryImpl</class>
  <method>createArchive</method>
  <thread>1</thread>
  <message>RETURN DirectoryArchive(file:/Users/robertosotelino/git/Proyecto-TIS/RIPFashion/bin/)</message>
</record>
<record>
  <date>2022-06-04T09:25:50.789936Z</date>
  <millis>1654334750789</millis>
  <nanos>936000</nanos>
  <sequence>18</sequence>
  <logger>global</logger>
  <level>WARNING</level>
  <class>db.jdbc.JDBCManager</class>
  <method>consultarCapital</method>
  <thread>1</thread>
  <message>Error al obtener el capital de una tienda
java.sql.SQLException: The prepared statement has been finalized</message>
</record>
<record>
  <date>2022-06-04T09:26:08.026835Z</date>
  <millis>1654334768026</millis>
  <nanos>835000</nanos>
  <sequence>19</sequence>
  <logger>global</logger>
  <level>WARNING</level>
  <class>db.jdbc.JDBCManager</class>
  <method>searchArticuloByIdArt</method>
  <thread>1</thread>
  <message>Error al obtener un articulo en funcion de su id
org.sqlite.SQLiteException: [SQLITE_ERROR] SQL error or missing database (no such column: Id_art)</message>
</record>
</log>
