<?xml version="1.0" encoding="UTF-8" standalone="no"?>
<!DOCTYPE log SYSTEM "logger.dtd">
<log>
<record>
  <date>2022-06-04T14:38:05.366756Z</date>
  <millis>1654353485366</millis>
  <nanos>756000</nanos>
  <sequence>0</sequence>
  <logger>global</logger>
  <level>INFO</level>
  <class>logging.MyLogger</class>
  <method>setupFromFile</method>
  <thread>1</thread>
  <message>Logger is configured</message>
</record>
<record>
  <date>2022-06-04T14:38:05.723544Z</date>
  <millis>1654353485723</millis>
  <nanos>544000</nanos>
  <sequence>1</sequence>
  <logger>global</logger>
  <level>INFO</level>
  <class>db.jdbc.JDBCManager</class>
  <method>createTables</method>
  <thread>1</thread>
  <message>Se han creado las tablas correctamente en la base de datos</message>
</record>
<record>
  <date>2022-06-04T14:38:05.724713Z</date>
  <millis>1654353485724</millis>
  <nanos>713000</nanos>
  <sequence>2</sequence>
  <logger>global</logger>
  <level>INFO</level>
  <class>db.jdbc.JDBCManager</class>
  <method>connect</method>
  <thread>1</thread>
  <message>Se ha configurado la base de datos con éxito</message>
</record>
<record>
  <date>2022-06-04T14:38:05.744761Z</date>
  <millis>1654353485744</millis>
  <nanos>761000</nanos>
  <sequence>3</sequence>
  <logger>global</logger>
  <level>FINER</level>
  <class>ArchiveFactoryImpl</class>
  <method>createArchive</method>
  <thread>1</thread>
  <message>ENTRY file:/Users/robertosotelino/git/Proyecto-TIS/RIPFashion/bin/ META-INF/persistence.xml</message>
</record>
<record>
  <date>2022-06-04T14:38:05.745204Z</date>
  <millis>1654353485745</millis>
  <nanos>204000</nanos>
  <sequence>4</sequence>
  <logger>global</logger>
  <level>FINER</level>
  <class>ArchiveFactoryImpl</class>
  <method>createArchive</method>
  <thread>1</thread>
  <message>protocol = file</message>
</record>
<record>
  <date>2022-06-04T14:38:05.751617Z</date>
  <millis>1654353485751</millis>
  <nanos>617000</nanos>
  <sequence>5</sequence>
  <logger>global</logger>
  <level>FINER</level>
  <class>DirectoryArchive</class>
  <method>DirectoryArchive</method>
  <thread>1</thread>
  <message>ENTRY /Users/robertosotelino/git/Proyecto-TIS/RIPFashion/bin</message>
</record>
<record>
  <date>2022-06-04T14:38:05.751836Z</date>
  <millis>1654353485751</millis>
  <nanos>836000</nanos>
  <sequence>6</sequence>
  <logger>global</logger>
  <level>FINER</level>
  <class>DirectoryArchive</class>
  <method>DirectoryArchive</method>
  <thread>1</thread>
  <message>rootURL = file:/Users/robertosotelino/git/Proyecto-TIS/RIPFashion/bin/</message>
</record>
<record>
  <date>2022-06-04T14:38:05.753303Z</date>
  <millis>1654353485753</millis>
  <nanos>303000</nanos>
  <sequence>7</sequence>
  <logger>global</logger>
  <level>FINER</level>
  <class>ArchiveFactoryImpl</class>
  <method>createArchive</method>
  <thread>1</thread>
  <message>RETURN DirectoryArchive(file:/Users/robertosotelino/git/Proyecto-TIS/RIPFashion/bin/)</message>
</record>
<record>
  <date>2022-06-04T14:38:05.898773Z</date>
  <millis>1654353485898</millis>
  <nanos>773000</nanos>
  <sequence>8</sequence>
  <logger>global</logger>
  <level>FINER</level>
  <class>ArchiveFactoryImpl</class>
  <method>createArchive</method>
  <thread>1</thread>
  <message>ENTRY file:/Users/robertosotelino/git/Proyecto-TIS/RIPFashion/bin/ null</message>
</record>
<record>
  <date>2022-06-04T14:38:05.898941Z</date>
  <millis>1654353485898</millis>
  <nanos>941000</nanos>
  <sequence>9</sequence>
  <logger>global</logger>
  <level>FINER</level>
  <class>ArchiveFactoryImpl</class>
  <method>createArchive</method>
  <thread>1</thread>
  <message>protocol = file</message>
</record>
<record>
  <date>2022-06-04T14:38:05.899096Z</date>
  <millis>1654353485899</millis>
  <nanos>96000</nanos>
  <sequence>10</sequence>
  <logger>global</logger>
  <level>FINER</level>
  <class>DirectoryArchive</class>
  <method>DirectoryArchive</method>
  <thread>1</thread>
  <message>ENTRY /Users/robertosotelino/git/Proyecto-TIS/RIPFashion/bin</message>
</record>
<record>
  <date>2022-06-04T14:38:05.899219Z</date>
  <millis>1654353485899</millis>
  <nanos>219000</nanos>
  <sequence>11</sequence>
  <logger>global</logger>
  <level>FINER</level>
  <class>DirectoryArchive</class>
  <method>DirectoryArchive</method>
  <thread>1</thread>
  <message>rootURL = file:/Users/robertosotelino/git/Proyecto-TIS/RIPFashion/bin/</message>
</record>
<record>
  <date>2022-06-04T14:38:05.900301Z</date>
  <millis>1654353485900</millis>
  <nanos>301000</nanos>
  <sequence>12</sequence>
  <logger>global</logger>
  <level>FINER</level>
  <class>ArchiveFactoryImpl</class>
  <method>createArchive</method>
  <thread>1</thread>
  <message>RETURN DirectoryArchive(file:/Users/robertosotelino/git/Proyecto-TIS/RIPFashion/bin/)</message>
</record>
<record>
  <date>2022-06-04T14:38:05.900439Z</date>
  <millis>1654353485900</millis>
  <nanos>439000</nanos>
  <sequence>13</sequence>
  <logger>global</logger>
  <level>FINER</level>
  <class>ArchiveFactoryImpl</class>
  <method>createArchive</method>
  <thread>1</thread>
  <message>ENTRY file:/Users/robertosotelino/git/Proyecto-TIS/RIPFashion/bin/ null</message>
</record>
<record>
  <date>2022-06-04T14:38:05.900529Z</date>
  <millis>1654353485900</millis>
  <nanos>529000</nanos>
  <sequence>14</sequence>
  <logger>global</logger>
  <level>FINER</level>
  <class>ArchiveFactoryImpl</class>
  <method>createArchive</method>
  <thread>1</thread>
  <message>protocol = file</message>
</record>
<record>
  <date>2022-06-04T14:38:05.900665Z</date>
  <millis>1654353485900</millis>
  <nanos>665000</nanos>
  <sequence>15</sequence>
  <logger>global</logger>
  <level>FINER</level>
  <class>DirectoryArchive</class>
  <method>DirectoryArchive</method>
  <thread>1</thread>
  <message>ENTRY /Users/robertosotelino/git/Proyecto-TIS/RIPFashion/bin</message>
</record>
<record>
  <date>2022-06-04T14:38:05.900772Z</date>
  <millis>1654353485900</millis>
  <nanos>772000</nanos>
  <sequence>16</sequence>
  <logger>global</logger>
  <level>FINER</level>
  <class>DirectoryArchive</class>
  <method>DirectoryArchive</method>
  <thread>1</thread>
  <message>rootURL = file:/Users/robertosotelino/git/Proyecto-TIS/RIPFashion/bin/</message>
</record>
<record>
  <date>2022-06-04T14:38:05.901879Z</date>
  <millis>1654353485901</millis>
  <nanos>879000</nanos>
  <sequence>17</sequence>
  <logger>global</logger>
  <level>FINER</level>
  <class>ArchiveFactoryImpl</class>
  <method>createArchive</method>
  <thread>1</thread>
  <message>RETURN DirectoryArchive(file:/Users/robertosotelino/git/Proyecto-TIS/RIPFashion/bin/)</message>
</record>
</log>
